22:29:09 **** Incremental Build of configuration Debug for project Led_animation ****
make all 
Building file: ../main.c
Invoking: AVR Compiler
avr-gcc -Wall -g2 -gstabs -O0 -fpack-struct -fshort-enums -ffunction-sections -fdata-sections -std=gnu99 -funsigned-char -funsigned-bitfields -mmcu=atmega32 -DF_CPU=8000000UL -MMD -MP -MF"main.d" -MT"main.o" -c -o "main.o" "../main.c"
../main.c:14:1: warning: "F_CPU" redefined
<command-line>: warning: this is the location of the previous definition
In file included from ../main.c:16:
d:/tools/imt tools/sdk/imt_sdk_win_64/winavr/lib/gcc/../../avr/include/util/delay.h:90:3: warning: #warning "Compiler optimizations disabled; functions from <util/delay.h> won't work as designed"
../main.c:18: warning: return type of 'main' is not 'int'
Finished building: ../main.c
 
Building target: Led_animation.elf
Invoking: AVR C Linker
avr-gcc -Wl,-Map,Led_animation.map -mmcu=atmega32 -o "Led_animation.elf"  ./main.o   
Finished building target: Led_animation.elf
 
Invoking: AVR Create Extended Listing
avr-objdump -h -S Led_animation.elf  >"Led_animation.lss"
Finished building: Led_animation.lss
 
Create Flash image (ihex format)
avr-objcopy -R .eeprom -R .fuse -R .lock -R .signature -O ihex Led_animation.elf  "Led_animation.hex"
Finished building: Led_animation.hex
 
Invoking: Print Size
avr-size --format=avr --mcu=atmega32 Led_animation.elf
AVR Memory Usage
----------------
Device: atmega32

Program:    3292 bytes (10.0% Full)
(.text + .data + .bootloader)

Data:          8 bytes (0.4% Full)
(.data + .bss + .noinit)


Finished building: sizedummy
 

22:29:09 Build Finished (took 601ms)

